<?xml version="1.0" encoding="UTF-8"?>
<lux xmlns="http://www.culturegraph.org/lux"
	xmlns:xsi="http://www.w3.org/2001/XMLSchema-instance"
	xsi:schemaLocation="http://www.culturegraph.org/lux http://www.culturegraph.org/lux">
	
	<name>LatLonField</name>
	
	<field-type name="Coordinate" xsi:type="LatLonField" indexed="true" stored="true" />
	
	<field name="coordinate" field-type="Coordinate" />
	
</lux>