<?xml version="1.0" encoding="UTF-8"?>
<lux xmlns="http://www.culturegraph.org/lux"
	xmlns:xsi="http://www.w3.org/2001/XMLSchema-instance"
	xsi:schemaLocation="http://www.culturegraph.org/lux http://www.culturegraph.org/lux">
	
	<name>Test Case</name>
		
	<word-set name="wordSetA">
		Wort 1
		Wort 2
		Wort 3
	</word-set>
	
	<word-set name="wordSetB" delimiters="[,]">
		Wort 1, Wort 2, Wort 3
	</word-set>
	
	<word-set name="wordSetC" src="word-set-1.txt" />

	<word-set name="wordSetD" src="word-set-2.txt" delimiters="[:]" trim="false"/>
	
	<word-set name="wordSetE" src="word-set-1.txt">
		Wort 3
		Wort 4
		Wort 5
	</word-set>
	
	<word-set name="wordSetF" />
</lux>