<?xml version="1.0" encoding="UTF-8"?>
<lux xmlns="http://www.culturegraph.org/lux"
	xmlns:xsi="http://www.w3.org/2001/XMLSchema-instance"
	xsi:schemaLocation="http://www.culturegraph.org/lux lux.xsd">
	
	<name>Test Case</name>

	<field-type name="TextField" xsi:type="TextField">
		<analyzer xsi:type="ConfigurableAnalyzer">
			<char-filter xsi:type="PersianCharFilter" />
			<tokenizer xsi:type="LetterTokenizer" version="LUCENE_35" />
			<token-filter xsi:type="PorterStemFilter" />
			<token-filter xsi:type="ClassicFilter" />
		</analyzer>
	</field-type>	
	<field name="MyAnalyzerChain" field-type="TextField" />
	
</lux>
