<?xml version="1.0" encoding="UTF-8"?>
<lux xmlns="http://www.culturegraph.org/lux"
	xmlns:xsi="http://www.w3.org/2001/XMLSchema-instance"
	xsi:schemaLocation="http://www.culturegraph.org/lux lux.xsd">
	
	<name>Test Case</name>
	
	<field-type name="GermanName1" xsi:type="TextField">
		<analyzer xsi:type="GermanAnalyzer" />
	</field-type>
	<field name="GermanName1" field-type="GermanName1" />

	<field-type name="GermanName2" xsi:type="TextField">
		<analyzer xsi:type="GermanAnalyzer" stopwords="StopWords" />
	</field-type>
	<field name="GermanName2" field-type="GermanName2" />

	<field-type name="GermanName3" xsi:type="TextField">
		<analyzer xsi:type="GermanAnalyzer" stopwords="StopWords" stem-exclusions="StemExclusions"/>
	</field-type>
	<field name="GermanName3" field-type="GermanName3" />

	<field-type name="GermanName4" xsi:type="TextField">
		<analyzer xsi:type="GermanAnalyzer" stem-exclusions="StemExclusions"/>
	</field-type>
	<field name="GermanName4" field-type="GermanName4" />
	
	<field-type name="EnglishName" xsi:type="TextField">
		<analyzer xsi:type="EnglishAnalyzer" />
	</field-type>
	<field name="EnglishName" field-type="EnglishName" />
	
	<word-set name="StopWords">
		ein
		und
		oder
	</word-set>
	
	<word-set name="StemExclusions">
		gehen
		radeln
	</word-set>
</lux>